<?xml version="1.0" encoding="UTF-8"?>
<!-- Generated by org.testng.reporters.JUnitReportReporter -->
<testsuite hostname="DESKTOP-86HG8TK" failures="0" tests="1" name="com.obsquratests.LoginTest" time="1.005" errors="0" timestamp="2023-08-21T12:01:42 IST" skipped="0">
  <testcase classname="com.obsquratests.LoginTest" name="MyLoginTest" time="1.005"/>
</testsuite> <!-- com.obsquratests.LoginTest -->
