<?xml version="1.0" encoding="UTF-8"?>
<!-- Generated by org.testng.reporters.JUnitReportReporter -->
<testsuite hostname="DESKTOP-86HG8TK" failures="0" tests="1" name="com.obsqura.tests.LoginTest" time="2.586" errors="0" timestamp="2023-08-25T21:14:10 IST" skipped="0">
  <testcase classname="com.obsqura.tests.LoginTest" name="MyLoginTest" time="2.586"/>
</testsuite> <!-- com.obsqura.tests.LoginTest -->
