<?xml version="1.0" encoding="UTF-8"?>
<!-- Generated by org.testng.reporters.JUnitReportReporter -->
<testsuite hostname="DESKTOP-86HG8TK" failures="0" tests="1" name="com.obsqura.tests.CreateDeliveryBoy" time="8.579" errors="0" timestamp="2023-08-25T21:14:10 IST" skipped="0">
  <testcase classname="com.obsqura.tests.CreateDeliveryBoy" name="CreateDeliveryBoyTest" time="8.579"/>
</testsuite> <!-- com.obsqura.tests.CreateDeliveryBoy -->
